# JRE version: OpenJDK Runtime Environment Microsoft-8035246 (17.0.8+7) (build 17.0.8+7-LTS)
# Java VM: OpenJDK 64-Bit Server VM Microsoft-8035246 (17.0.8+7-LTS, mixed mode, sharing, tiered, compressed oops, compressed class ptrs, g1 gc, windows-amd64)
GC Precious Log:
 CPUs: 4 total, 4 available
 Memory: 12176M
 Large Page Support: Disabled
 NUMA Support: Disabled
 Compressed Oops: Enabled (32-bit)
 Heap Region Size: 1M
 Heap Min Capacity: 8M
 Heap Initial Capacity: 192M
 Heap Max Capacity: 2G
 Pre-touch: Disabled
 Parallel Workers: 4
 Concurrent Workers: 1
 Concurrent Refinement Workers: 4
 Periodic GC: Disabled
Heap:
 garbage-first heap   total 329728K, used 186368K [0x0000000080000000, 0x0000000100000000)
  region size 1024K, 17 young (17408K), 7 survivors (7168K)
 Metaspace       used 100107K, committed 101248K, reserved 557056K
  class space    used 13974K, committed 14528K, reserved 425984K
GC Heap History (20 events):
Event: 35.112 GC heap before
{Heap before GC invocations=45 (full 0):
 garbage-first heap   total 164864K, used 95529K [0x0000000080000000, 0x0000000100000000)
  region size 1024K, 8 young (8192K), 3 survivors (3072K)
 Metaspace       used 73173K, committed 73856K, reserved 491520K
  class space    used 10211K, committed 10560K, reserved 425984K
}
Event: 35.118 GC heap after
{Heap after GC invocations=46 (full 0):
 garbage-first heap   total 164864K, used 90634K [0x0000000080000000, 0x0000000100000000)
  region size 1024K, 1 young (1024K), 1 survivors (1024K)
 Metaspace       used 73173K, committed 73856K, reserved 491520K
  class space    used 10211K, committed 10560K, reserved 425984K
}
Event: 35.796 GC heap before
{Heap before GC invocations=46 (full 0):
 garbage-first heap   total 164864K, used 127498K [0x0000000080000000, 0x0000000100000000)
  region size 1024K, 37 young (37888K), 1 survivors (1024K)
 Metaspace       used 76032K, committed 76800K, reserved 557056K
  class space    used 10578K, committed 10944K, reserved 425984K
}
Event: 35.800 GC heap after
{Heap after GC invocations=47 (full 0):
 garbage-first heap   total 164864K, used 91946K [0x0000000080000000, 0x0000000100000000)
  region size 1024K, 2 young (2048K), 2 survivors (2048K)
 Metaspace       used 76032K, committed 76800K, reserved 557056K
  class space    used 10578K, committed 10944K, reserved 425984K
}
Event: 36.239 GC heap before
{Heap before GC invocations=48 (full 0):
 garbage-first heap   total 164864K, used 125738K [0x0000000080000000, 0x0000000100000000)
  region size 1024K, 39 young (39936K), 2 survivors (2048K)
 Metaspace       used 76817K, committed 77568K, reserved 557056K
  class space    used 10704K, committed 11072K, reserved 425984K
}
Event: 36.247 GC heap after
{Heap after GC invocations=49 (full 0):
 garbage-first heap   total 164864K, used 90982K [0x0000000080000000, 0x0000000100000000)
  region size 1024K, 5 young (5120K), 5 survivors (5120K)
 Metaspace       used 76817K, committed 77568K, reserved 557056K
  class space    used 10704K, committed 11072K, reserved 425984K
}
Event: 36.270 GC heap before
{Heap before GC invocations=49 (full 0):
 garbage-first heap   total 164864K, used 94054K [0x0000000080000000, 0x0000000100000000)
  region size 1024K, 8 young (8192K), 5 survivors (5120K)
 Metaspace       used 76817K, committed 77568K, reserved 557056K
  class space    used 10704K, committed 11072K, reserved 425984K
}
Event: 36.277 GC heap after
{Heap after GC invocations=50 (full 0):
 garbage-first heap   total 164864K, used 90683K [0x0000000080000000, 0x0000000100000000)
  region size 1024K, 1 young (1024K), 1 survivors (1024K)
 Metaspace       used 76817K, committed 77568K, reserved 557056K
  class space    used 10704K, committed 11072K, reserved 425984K
}
Event: 50.124 GC heap before
{Heap before GC invocations=50 (full 0):
 garbage-first heap   total 164864K, used 130619K [0x0000000080000000, 0x0000000100000000)
  region size 1024K, 40 young (40960K), 1 survivors (1024K)
 Metaspace       used 78439K, committed 79168K, reserved 557056K
  class space    used 10926K, committed 11264K, reserved 425984K
}
Event: 50.132 GC heap after
{Heap after GC invocations=51 (full 0):
 garbage-first heap   total 329728K, used 92874K [0x0000000080000000, 0x0000000100000000)
  region size 1024K, 3 young (3072K), 3 survivors (3072K)
 Metaspace       used 78439K, committed 79168K, reserved 557056K
  class space    used 10926K, committed 11264K, reserved 425984K
}
Event: 53.505 GC heap before
{Heap before GC invocations=52 (full 0):
 garbage-first heap   total 329728K, used 247498K [0x0000000080000000, 0x0000000100000000)
  region size 1024K, 154 young (157696K), 3 survivors (3072K)
 Metaspace       used 86594K, committed 87424K, reserved 557056K
  class space    used 12225K, committed 12608K, reserved 425984K
}
Event: 53.528 GC heap after
{Heap after GC invocations=53 (full 0):
 garbage-first heap   total 329728K, used 102592K [0x0000000080000000, 0x0000000100000000)
  region size 1024K, 12 young (12288K), 12 survivors (12288K)
 Metaspace       used 86594K, committed 87424K, reserved 557056K
  class space    used 12225K, committed 12608K, reserved 425984K
}
Event: 53.627 GC heap before
{Heap before GC invocations=53 (full 0):
 garbage-first heap   total 329728K, used 106688K [0x0000000080000000, 0x0000000100000000)
  region size 1024K, 16 young (16384K), 12 survivors (12288K)
 Metaspace       used 86853K, committed 87744K, reserved 557056K
  class space    used 12272K, committed 12672K, reserved 425984K
}
Event: 53.646 GC heap after
{Heap after GC invocations=54 (full 0):
 garbage-first heap   total 329728K, used 104062K [0x0000000080000000, 0x0000000100000000)
  region size 1024K, 2 young (2048K), 2 survivors (2048K)
 Metaspace       used 86853K, committed 87744K, reserved 557056K
  class space    used 12272K, committed 12672K, reserved 425984K
}
Event: 57.968 GC heap before
{Heap before GC invocations=54 (full 0):
 garbage-first heap   total 329728K, used 264830K [0x0000000080000000, 0x0000000100000000)
  region size 1024K, 152 young (155648K), 2 survivors (2048K)
 Metaspace       used 90761K, committed 91712K, reserved 557056K
  class space    used 12758K, committed 13184K, reserved 425984K
}
Event: 57.989 GC heap after
{Heap after GC invocations=55 (full 0):
 garbage-first heap   total 329728K, used 139174K [0x0000000080000000, 0x0000000100000000)
  region size 1024K, 19 young (19456K), 19 survivors (19456K)
 Metaspace       used 90761K, committed 91712K, reserved 557056K
  class space    used 12758K, committed 13184K, reserved 425984K
}
Event: 59.948 GC heap before
{Heap before GC invocations=55 (full 0):
 garbage-first heap   total 329728K, used 253862K [0x0000000080000000, 0x0000000100000000)
  region size 1024K, 130 young (133120K), 19 survivors (19456K)
 Metaspace       used 97178K, committed 98304K, reserved 557056K
  class space    used 13642K, committed 14144K, reserved 425984K
}
Event: 59.971 GC heap after
{Heap after GC invocations=56 (full 0):
 garbage-first heap   total 329728K, used 154081K [0x0000000080000000, 0x0000000100000000)
  region size 1024K, 12 young (12288K), 12 survivors (12288K)
 Metaspace       used 97178K, committed 98304K, reserved 557056K
  class space    used 13642K, committed 14144K, reserved 425984K
}
Event: 61.329 GC heap before
{Heap before GC invocations=56 (full 0):
 garbage-first heap   total 329728K, used 256481K [0x0000000080000000, 0x0000000100000000)
  region size 1024K, 113 young (115712K), 12 survivors (12288K)
 Metaspace       used 99458K, committed 100544K, reserved 557056K
  class space    used 13917K, committed 14400K, reserved 425984K
}
Event: 61.352 GC heap after
{Heap after GC invocations=57 (full 0):
 garbage-first heap   total 329728K, used 165851K [0x0000000080000000, 0x0000000100000000)
  region size 1024K, 12 young (12288K), 12 survivors (12288K)
 Metaspace       used 99458K, committed 100544K, reserved 557056K
  class space    used 13917K, committed 14400K, reserved 425984K
}

